<?xml version="1.0" encoding="UTF-8"?>
<!-- Generated by org.testng.reporters.JUnitReportReporter -->
<testsuite skipped="0" hostname="DELL" name="Instagram.E2EIns.InstaTest2" tests="1" failures="0" timestamp="12 Oct 2020 08:40:17 GMT" time="102.019" errors="0">
  <testcase name="getwordprom" time="102.019" classname="Instagram.E2EIns.InstaTest2"/>
</testsuite> <!-- Instagram.E2EIns.InstaTest2 -->
