<?xml version="1.0" encoding="UTF-8"?>
<!-- Generated by org.testng.reporters.JUnitReportReporter -->
<testsuite skipped="0" hostname="DELL" name="Instagram.E2EIns.InstaTest2" tests="1" failures="0" timestamp="12 Oct 2020 13:15:24 GMT" time="80.587" errors="0">
  <testcase name="getwordprom" time="80.587" classname="Instagram.E2EIns.InstaTest2"/>
</testsuite> <!-- Instagram.E2EIns.InstaTest2 -->
