<?xml version="1.0" encoding="UTF-8"?>
<!-- Generated by org.testng.reporters.JUnitReportReporter -->
<testsuite skipped="0" hostname="DELL" name="Instagram.E2EIns.InstaTest5" tests="1" failures="0" timestamp="9 Oct 2020 20:16:00 GMT" time="57.991" errors="0">
  <testcase name="getcount" time="57.991" classname="Instagram.E2EIns.InstaTest5"/>
</testsuite> <!-- Instagram.E2EIns.InstaTest5 -->
