<?xml version="1.0" encoding="UTF-8"?>
<!-- Generated by org.testng.reporters.JUnitReportReporter -->
<testsuite skipped="0" hostname="DELL" name="Instagram.E2EIns.InstaTest2" tests="1" failures="0" timestamp="11 Oct 2020 07:47:14 GMT" time="39.684" errors="0">
  <testcase name="getwordprom" time="39.684" classname="Instagram.E2EIns.InstaTest2"/>
</testsuite> <!-- Instagram.E2EIns.InstaTest2 -->
