<?xml version="1.0" encoding="UTF-8"?>
<!-- Generated by org.testng.reporters.JUnitReportReporter -->
<testsuite skipped="0" hostname="DELL" name="Instagram.E2EIns.InstaTest1" tests="1" failures="0" timestamp="12 Oct 2020 13:15:24 GMT" time="115.134" errors="0">
  <testcase name="getscribblestoriesdata" time="115.134" classname="Instagram.E2EIns.InstaTest1"/>
</testsuite> <!-- Instagram.E2EIns.InstaTest1 -->
