<?xml version="1.0" encoding="UTF-8"?>
<!-- Generated by org.testng.reporters.JUnitReportReporter -->
<testsuite skipped="0" hostname="DELL" name="Instagram.E2EIns.InstaTest1" tests="1" failures="0" timestamp="11 Oct 2020 07:47:14 GMT" time="42.392" errors="0">
  <testcase name="getscribblestoriesdata" time="42.392" classname="Instagram.E2EIns.InstaTest1"/>
</testsuite> <!-- Instagram.E2EIns.InstaTest1 -->
