<?xml version="1.0" encoding="UTF-8"?>
<!-- Generated by org.testng.reporters.JUnitReportReporter -->
<testsuite skipped="0" hostname="DELL" name="Instagram.E2EIns.InstaTest2" tests="1" failures="0" timestamp="1 Oct 2020 20:46:42 GMT" time="44.198" errors="0">
  <testcase name="getwordprom" time="44.198" classname="Instagram.E2EIns.InstaTest2"/>
</testsuite> <!-- Instagram.E2EIns.InstaTest2 -->
