<?xml version="1.0" encoding="UTF-8"?>
<!-- Generated by org.testng.reporters.JUnitReportReporter -->
<testsuite skipped="0" hostname="DELL" name="Instagram.E2EIns.InstaTest1" tests="1" failures="0" timestamp="12 Oct 2020 11:57:15 GMT" time="110.956" errors="0">
  <testcase name="getscribblestoriesdata" time="110.956" classname="Instagram.E2EIns.InstaTest1"/>
</testsuite> <!-- Instagram.E2EIns.InstaTest1 -->
