<?xml version="1.0" encoding="UTF-8"?>
<!-- Generated by org.testng.reporters.JUnitReportReporter -->
<testsuite skipped="0" hostname="DELL" name="Instagram.E2EIns.InstaTest1" tests="1" failures="0" timestamp="01 Oct 2020 09:08:51 GMT" time="115.678" errors="0">
  <testcase name="getscribblestoriesdata" time="115.678" classname="Instagram.E2EIns.InstaTest1"/>
</testsuite> <!-- Instagram.E2EIns.InstaTest1 -->
